18/09/2022 22:09:22 [ERROR] CustomLogger : File not found
18/09/2022 22:09:22 [INFO] CustomLogger : A list of flights saved to the database.
18/09/2022 22:09:22 [INFO] CustomLogger : A flight removed from the database.
18/09/2022 22:09:22 [INFO] CustomLogger : A flight removed from the database.
18/09/2022 22:09:22 [INFO] CustomLogger : A flight removed from the database.
18/09/2022 22:09:22 [INFO] CustomLogger : A flight removed from the database.
18/09/2022 22:09:22 [INFO] CustomLogger : A flight removed from the database.
18/09/2022 22:09:22 [INFO] CustomLogger : A flight removed from the database.
18/09/2022 22:09:22 [INFO] CustomLogger : A flight removed from the database.
18/09/2022 22:09:22 [INFO] CustomLogger : A flight removed from the database.
18/09/2022 22:09:22 [INFO] CustomLogger : A flight removed from the database.
18/09/2022 22:09:22 [INFO] CustomLogger : A flight removed from the database.
18/09/2022 22:09:22 [INFO] CustomLogger : A flight removed from the database.
18/09/2022 22:09:38 [ERROR] CustomLogger : Login or password is incorrect.
18/09/2022 22:42:40 [INFO] CustomLogger : A flight removed from the database.
18/09/2022 22:43:18 [INFO] CustomLogger : A flight saved or updated to the database.
18/09/2022 22:43:18 [INFO] CustomLogger : The capacity decreased for BA714 flight.
18/09/2022 22:43:18 [INFO] CustomLogger : A booking saved or updated to the database.
18/09/2022 22:43:18 [INFO] CustomLogger : A user saved or updated to the database.
18/09/2022 22:43:29 [INFO] CustomLogger : A user saved or updated to the database.
18/09/2022 22:43:36 [ERROR] CustomLogger : Login or password is incorrect.
18/09/2022 22:57:41 [ERROR] CustomLogger : File not found
18/09/2022 22:57:41 [INFO] CustomLogger : A user saved or updated to the database.
18/09/2022 22:57:54 [ERROR] CustomLogger : Login or password is incorrect.
18/09/2022 22:58:44 [INFO] CustomLogger : A flight saved or updated to the database.
18/09/2022 22:58:44 [INFO] CustomLogger : The capacity decreased for BA714 flight.
18/09/2022 22:58:44 [INFO] CustomLogger : A booking saved or updated to the database.
18/09/2022 22:58:44 [INFO] CustomLogger : A user saved or updated to the database.
18/09/2022 23:01:02 [ERROR] CustomLogger : File not found
18/09/2022 23:01:02 [INFO] CustomLogger : A user saved or updated to the database.
18/09/2022 23:01:08 [ERROR] CustomLogger : Login or password is incorrect.
18/09/2022 23:01:44 [INFO] CustomLogger : A flight saved or updated to the database.
18/09/2022 23:01:44 [INFO] CustomLogger : The capacity decreased for BA714 flight.
18/09/2022 23:01:44 [INFO] CustomLogger : A booking saved or updated to the database.
18/09/2022 23:01:44 [INFO] CustomLogger : A user saved or updated to the database.
18/09/2022 23:03:16 [INFO] CustomLogger : A user saved or updated to the database.
18/09/2022 23:11:17 [INFO] CustomLogger : A user saved or updated to the database.
18/09/2022 23:14:50 [ERROR] CustomLogger : File not found
18/09/2022 23:14:50 [ERROR] CustomLogger : File not found
18/09/2022 23:14:50 [INFO] CustomLogger : A user saved or updated to the database.
18/09/2022 23:14:55 [ERROR] CustomLogger : Login or password is incorrect.
18/09/2022 23:15:34 [INFO] CustomLogger : A flight saved or updated to the database.
18/09/2022 23:15:34 [INFO] CustomLogger : The capacity decreased for BA714 flight.
18/09/2022 23:15:34 [INFO] CustomLogger : A booking saved or updated to the database.
18/09/2022 23:15:34 [INFO] CustomLogger : A user saved or updated to the database.
18/09/2022 23:15:37 [ERROR] CustomLogger : User with that ID not found
18/09/2022 23:17:36 [INFO] CustomLogger : A user saved or updated to the database.
19/09/2022 00:07:20 [INFO] CustomLogger : A booking saved or updated to the database.
19/09/2022 00:08:58 [INFO] CustomLogger : A booking saved or updated to the database.
19/09/2022 00:09:10 [INFO] CustomLogger : A booking saved or updated to the database.
19/09/2022 00:09:18 [INFO] CustomLogger : A booking saved or updated to the database.
19/09/2022 00:11:19 [INFO] CustomLogger : A booking saved or updated to the database.
19/09/2022 00:11:29 [INFO] CustomLogger : A booking saved or updated to the database.
19/09/2022 00:13:10 [INFO] CustomLogger : A booking saved or updated to the database.
19/09/2022 00:13:10 [INFO] CustomLogger : A booking removed from the database.
19/09/2022 00:13:26 [INFO] CustomLogger : A booking removed from the database.
19/09/2022 00:13:38 [INFO] CustomLogger : A booking saved or updated to the database.
19/09/2022 00:13:38 [INFO] CustomLogger : A booking removed from the database.
19/09/2022 00:13:47 [INFO] CustomLogger : A booking saved or updated to the database.
19/09/2022 00:13:47 [INFO] CustomLogger : A booking removed from the database.
19/09/2022 00:13:47 [INFO] CustomLogger : A booking saved or updated to the database.
19/09/2022 00:13:47 [INFO] CustomLogger : A booking saved or updated to the database.
19/09/2022 00:21:38 [INFO] CustomLogger : A booking saved or updated to the database.
19/09/2022 00:21:38 [INFO] CustomLogger : A booking removed from the database.
19/09/2022 00:21:51 [INFO] CustomLogger : A booking saved or updated to the database.
19/09/2022 00:21:51 [INFO] CustomLogger : A booking removed from the database.
19/09/2022 00:21:56 [INFO] CustomLogger : A booking saved or updated to the database.
19/09/2022 00:21:56 [INFO] CustomLogger : A booking removed from the database.
19/09/2022 00:22:11 [ERROR] CustomLogger : File not found
19/09/2022 00:22:11 [INFO] CustomLogger : A booking saved or updated to the database.
19/09/2022 00:22:11 [INFO] CustomLogger : A booking removed from the database.
19/09/2022 00:23:21 [INFO] CustomLogger : A booking saved or updated to the database.
19/09/2022 00:23:21 [INFO] CustomLogger : A booking removed from the database.
19/09/2022 00:26:06 [INFO] CustomLogger : A booking saved or updated to the database.
19/09/2022 00:26:06 [INFO] CustomLogger : A booking removed from the database.
19/09/2022 00:26:22 [INFO] CustomLogger : A booking saved or updated to the database.
19/09/2022 00:26:22 [INFO] CustomLogger : A booking removed from the database.
19/09/2022 00:26:22 [INFO] CustomLogger : A booking saved or updated to the database.
19/09/2022 00:26:22 [INFO] CustomLogger : A booking saved or updated to the database.
19/09/2022 00:26:22 [INFO] CustomLogger : A booking saved or updated to the database.
19/09/2022 00:27:30 [INFO] CustomLogger : A booking saved or updated to the database.
19/09/2022 00:27:30 [INFO] CustomLogger : A booking removed from the database.
19/09/2022 00:27:30 [INFO] CustomLogger : A booking saved or updated to the database.
19/09/2022 00:27:30 [INFO] CustomLogger : A booking saved or updated to the database.
19/09/2022 00:27:30 [INFO] CustomLogger : A booking saved or updated to the database.
19/09/2022 00:27:30 [INFO] CustomLogger : A booking removed from the database.
19/09/2022 00:27:43 [INFO] CustomLogger : A booking saved or updated to the database.
19/09/2022 00:27:43 [INFO] CustomLogger : A booking removed from the database.
19/09/2022 00:27:43 [INFO] CustomLogger : A booking saved or updated to the database.
19/09/2022 00:27:43 [INFO] CustomLogger : A booking saved or updated to the database.
19/09/2022 00:27:43 [INFO] CustomLogger : A booking saved or updated to the database.
19/09/2022 00:28:14 [INFO] CustomLogger : A booking saved or updated to the database.
19/09/2022 00:28:14 [INFO] CustomLogger : A booking removed from the database.
19/09/2022 00:30:32 [INFO] CustomLogger : A booking saved or updated to the database.
19/09/2022 00:33:34 [INFO] CustomLogger : A booking saved or updated to the database.
19/09/2022 00:34:50 [INFO] CustomLogger : A booking saved or updated to the database.
19/09/2022 00:35:07 [ERROR] CustomLogger : File not found
19/09/2022 00:38:51 [ERROR] CustomLogger : File not found
19/09/2022 00:40:08 [INFO] CustomLogger : A booking saved or updated to the database.
19/09/2022 00:40:16 [INFO] CustomLogger : A booking saved or updated to the database.
19/09/2022 00:40:20 [INFO] CustomLogger : A booking saved or updated to the database.
19/09/2022 00:40:28 [INFO] CustomLogger : A booking saved or updated to the database.
19/09/2022 00:41:31 [INFO] CustomLogger : A booking saved or updated to the database.
19/09/2022 00:41:31 [INFO] CustomLogger : A booking removed from the database.
19/09/2022 00:41:31 [INFO] CustomLogger : A booking saved or updated to the database.
19/09/2022 00:41:31 [INFO] CustomLogger : A booking saved or updated to the database.
19/09/2022 00:41:31 [INFO] CustomLogger : A booking saved or updated to the database.
19/09/2022 00:41:31 [INFO] CustomLogger : A booking saved or updated to the database.
19/09/2022 00:41:49 [INFO] CustomLogger : A booking saved or updated to the database.
19/09/2022 00:41:49 [INFO] CustomLogger : A booking removed from the database.
19/09/2022 00:42:00 [INFO] CustomLogger : A booking saved or updated to the database.
19/09/2022 00:42:00 [INFO] CustomLogger : A booking removed from the database.
19/09/2022 00:42:00 [INFO] CustomLogger : A booking saved or updated to the database.
19/09/2022 00:42:00 [INFO] CustomLogger : A booking saved or updated to the database.
19/09/2022 00:42:00 [INFO] CustomLogger : A booking saved or updated to the database.
19/09/2022 00:42:00 [INFO] CustomLogger : A booking saved or updated to the database.
19/09/2022 00:42:45 [INFO] CustomLogger : A booking saved or updated to the database.
19/09/2022 00:42:45 [INFO] CustomLogger : A booking removed from the database.
19/09/2022 00:42:45 [INFO] CustomLogger : A booking saved or updated to the database.
19/09/2022 00:42:45 [INFO] CustomLogger : A booking saved or updated to the database.
19/09/2022 00:42:45 [INFO] CustomLogger : A booking saved or updated to the database.
19/09/2022 00:42:45 [INFO] CustomLogger : A booking saved or updated to the database.
19/09/2022 00:43:09 [INFO] CustomLogger : A booking saved or updated to the database.
19/09/2022 00:43:09 [INFO] CustomLogger : A booking removed from the database.
19/09/2022 00:43:50 [INFO] CustomLogger : A booking saved or updated to the database.
19/09/2022 00:43:50 [INFO] CustomLogger : A booking removed from the database.
19/09/2022 00:43:50 [INFO] CustomLogger : A booking saved or updated to the database.
19/09/2022 00:43:50 [INFO] CustomLogger : A booking saved or updated to the database.
19/09/2022 00:43:50 [INFO] CustomLogger : A booking saved or updated to the database.
19/09/2022 00:43:50 [INFO] CustomLogger : A booking saved or updated to the database.
19/09/2022 00:45:32 [INFO] CustomLogger : A booking saved or updated to the database.
19/09/2022 00:45:32 [INFO] CustomLogger : A booking removed from the database.
19/09/2022 00:45:32 [INFO] CustomLogger : A booking saved or updated to the database.
19/09/2022 00:45:32 [INFO] CustomLogger : A booking saved or updated to the database.
19/09/2022 00:45:32 [INFO] CustomLogger : A booking saved or updated to the database.
19/09/2022 00:45:32 [INFO] CustomLogger : A booking saved or updated to the database.
19/09/2022 00:46:04 [INFO] CustomLogger : A booking saved or updated to the database.
19/09/2022 00:46:04 [INFO] CustomLogger : A booking removed from the database.
19/09/2022 00:46:04 [INFO] CustomLogger : A booking saved or updated to the database.
19/09/2022 00:46:04 [INFO] CustomLogger : A booking saved or updated to the database.
19/09/2022 00:46:04 [INFO] CustomLogger : A booking saved or updated to the database.
19/09/2022 00:46:04 [INFO] CustomLogger : A booking saved or updated to the database.
19/09/2022 00:58:13 [INFO] CustomLogger : A booking saved or updated to the database.
19/09/2022 00:58:13 [INFO] CustomLogger : A booking removed from the database.
19/09/2022 00:58:14 [INFO] CustomLogger : A booking saved or updated to the database.
19/09/2022 00:58:14 [INFO] CustomLogger : A booking saved or updated to the database.
19/09/2022 00:58:14 [INFO] CustomLogger : A booking saved or updated to the database.
19/09/2022 00:58:14 [INFO] CustomLogger : A booking saved or updated to the database.
19/09/2022 01:00:03 [INFO] CustomLogger : A booking saved or updated to the database.
19/09/2022 01:00:03 [INFO] CustomLogger : A booking removed from the database.
19/09/2022 01:00:03 [INFO] CustomLogger : A booking saved or updated to the database.
19/09/2022 01:00:03 [INFO] CustomLogger : A booking saved or updated to the database.
19/09/2022 01:00:03 [INFO] CustomLogger : A booking saved or updated to the database.
19/09/2022 01:00:03 [INFO] CustomLogger : A booking saved or updated to the database.
19/09/2022 01:00:03 [INFO] CustomLogger : A booking removed from the database.
19/09/2022 01:01:21 [INFO] CustomLogger : A booking saved or updated to the database.
19/09/2022 01:01:21 [INFO] CustomLogger : A booking removed from the database.
19/09/2022 01:01:21 [INFO] CustomLogger : A booking saved or updated to the database.
19/09/2022 01:01:21 [INFO] CustomLogger : A booking saved or updated to the database.
19/09/2022 01:01:21 [INFO] CustomLogger : A booking saved or updated to the database.
19/09/2022 01:01:21 [INFO] CustomLogger : A booking saved or updated to the database.
19/09/2022 01:01:21 [INFO] CustomLogger : A booking removed from the database.
19/09/2022 01:10:53 [INFO] CustomLogger : A list of flights saved to the database.
19/09/2022 01:10:53 [INFO] CustomLogger : A flight saved or updated to the database.
19/09/2022 01:12:08 [ERROR] CustomLogger : File not found
19/09/2022 01:12:08 [ERROR] CustomLogger : File not found
19/09/2022 01:12:46 [INFO] CustomLogger : A list of flights saved to the database.
19/09/2022 01:13:07 [INFO] CustomLogger : A flight saved or updated to the database.
19/09/2022 01:13:07 [INFO] CustomLogger : A flight removed from the database.
19/09/2022 01:13:35 [INFO] CustomLogger : A flight saved or updated to the database.
19/09/2022 01:13:35 [INFO] CustomLogger : A flight removed from the database.
19/09/2022 01:13:48 [INFO] CustomLogger : A list of flights saved to the database.
19/09/2022 01:13:48 [INFO] CustomLogger : A flight saved or updated to the database.
19/09/2022 01:13:48 [INFO] CustomLogger : A flight removed from the database.
19/09/2022 01:13:48 [INFO] CustomLogger : A flight saved or updated to the database.
19/09/2022 01:15:32 [INFO] CustomLogger : A booking saved or updated to the database.
19/09/2022 01:15:32 [INFO] CustomLogger : A booking removed from the database.
19/09/2022 01:15:45 [INFO] CustomLogger : A booking saved or updated to the database.
19/09/2022 01:15:45 [INFO] CustomLogger : A booking removed from the database.
19/09/2022 01:15:59 [INFO] CustomLogger : A booking saved or updated to the database.
19/09/2022 01:15:59 [INFO] CustomLogger : A booking removed from the database.
19/09/2022 01:16:36 [INFO] CustomLogger : A booking saved or updated to the database.
19/09/2022 01:16:36 [INFO] CustomLogger : A booking removed from the database.
19/09/2022 01:16:51 [INFO] CustomLogger : A booking saved or updated to the database.
19/09/2022 01:16:51 [INFO] CustomLogger : A booking removed from the database.
19/09/2022 01:17:58 [INFO] CustomLogger : A list of flights saved to the database.
19/09/2022 01:17:58 [INFO] CustomLogger : A flight saved or updated to the database.
19/09/2022 01:17:58 [INFO] CustomLogger : A flight removed from the database.
19/09/2022 01:17:58 [INFO] CustomLogger : A flight saved or updated to the database.
19/09/2022 01:18:23 [INFO] CustomLogger : A list of flights saved to the database.
19/09/2022 01:18:23 [INFO] CustomLogger : A flight saved or updated to the database.
19/09/2022 01:18:23 [INFO] CustomLogger : A flight removed from the database.
19/09/2022 01:18:23 [INFO] CustomLogger : A flight saved or updated to the database.
19/09/2022 01:20:22 [INFO] CustomLogger : A list of flights saved to the database.
19/09/2022 01:20:22 [INFO] CustomLogger : A flight saved or updated to the database.
19/09/2022 01:20:22 [INFO] CustomLogger : A flight removed from the database.
19/09/2022 01:20:22 [INFO] CustomLogger : A flight saved or updated to the database.
19/09/2022 01:20:22 [INFO] CustomLogger : A flight saved or updated to the database.
19/09/2022 01:20:49 [INFO] CustomLogger : A list of flights saved to the database.
19/09/2022 01:20:49 [INFO] CustomLogger : A flight saved or updated to the database.
19/09/2022 01:20:49 [INFO] CustomLogger : A flight removed from the database.
19/09/2022 01:20:49 [INFO] CustomLogger : A flight saved or updated to the database.
19/09/2022 01:20:49 [INFO] CustomLogger : A flight saved or updated to the database.
19/09/2022 01:21:13 [INFO] CustomLogger : A flight saved or updated to the database.
19/09/2022 01:21:20 [INFO] CustomLogger : A list of flights saved to the database.
19/09/2022 01:21:20 [INFO] CustomLogger : A flight saved or updated to the database.
19/09/2022 01:21:20 [INFO] CustomLogger : A flight removed from the database.
19/09/2022 01:21:20 [INFO] CustomLogger : A flight saved or updated to the database.
19/09/2022 01:21:20 [INFO] CustomLogger : A flight saved or updated to the database.
19/09/2022 01:21:20 [INFO] CustomLogger : A flight saved or updated to the database.
19/09/2022 01:23:25 [INFO] CustomLogger : A list of flights saved to the database.
19/09/2022 01:23:31 [INFO] CustomLogger : A list of flights saved to the database.
19/09/2022 01:23:31 [INFO] CustomLogger : A flight saved or updated to the database.
19/09/2022 01:23:31 [INFO] CustomLogger : A flight removed from the database.
19/09/2022 01:23:31 [INFO] CustomLogger : A flight saved or updated to the database.
19/09/2022 01:23:31 [INFO] CustomLogger : A flight saved or updated to the database.
19/09/2022 01:23:31 [INFO] CustomLogger : A list of flights saved to the database.
19/09/2022 01:24:19 [INFO] CustomLogger : A booking saved or updated to the database.
19/09/2022 01:24:19 [INFO] CustomLogger : A booking removed from the database.
19/09/2022 01:24:19 [INFO] CustomLogger : A booking saved or updated to the database.
19/09/2022 01:24:19 [INFO] CustomLogger : A booking saved or updated to the database.
19/09/2022 01:24:19 [INFO] CustomLogger : A booking saved or updated to the database.
19/09/2022 01:24:19 [INFO] CustomLogger : A booking saved or updated to the database.
19/09/2022 01:24:19 [INFO] CustomLogger : A booking removed from the database.
19/09/2022 01:24:49 [INFO] CustomLogger : A booking saved or updated to the database.
19/09/2022 01:24:49 [INFO] CustomLogger : A booking removed from the database.
19/09/2022 01:24:49 [INFO] CustomLogger : A booking saved or updated to the database.
19/09/2022 01:24:49 [INFO] CustomLogger : A booking saved or updated to the database.
19/09/2022 01:24:49 [INFO] CustomLogger : A booking saved or updated to the database.
19/09/2022 01:24:49 [INFO] CustomLogger : A booking saved or updated to the database.
19/09/2022 01:24:49 [INFO] CustomLogger : A booking removed from the database.
19/09/2022 01:25:15 [INFO] CustomLogger : A booking saved or updated to the database.
19/09/2022 01:25:15 [INFO] CustomLogger : A booking removed from the database.
19/09/2022 01:25:15 [INFO] CustomLogger : A booking saved or updated to the database.
19/09/2022 01:25:15 [INFO] CustomLogger : A booking saved or updated to the database.
19/09/2022 01:25:15 [INFO] CustomLogger : A booking saved or updated to the database.
19/09/2022 01:25:15 [INFO] CustomLogger : A booking saved or updated to the database.
19/09/2022 01:25:15 [INFO] CustomLogger : A booking removed from the database.
19/09/2022 01:25:45 [INFO] CustomLogger : A booking saved or updated to the database.
19/09/2022 01:25:45 [INFO] CustomLogger : A booking removed from the database.
19/09/2022 01:25:45 [INFO] CustomLogger : A booking saved or updated to the database.
19/09/2022 01:25:45 [INFO] CustomLogger : A booking saved or updated to the database.
19/09/2022 01:25:45 [INFO] CustomLogger : A booking saved or updated to the database.
19/09/2022 01:25:45 [INFO] CustomLogger : A booking saved or updated to the database.
19/09/2022 01:25:45 [INFO] CustomLogger : A booking removed from the database.
19/09/2022 01:26:07 [INFO] CustomLogger : A booking saved or updated to the database.
19/09/2022 01:26:07 [INFO] CustomLogger : A booking removed from the database.
19/09/2022 01:26:07 [INFO] CustomLogger : A booking saved or updated to the database.
19/09/2022 01:26:07 [INFO] CustomLogger : A booking saved or updated to the database.
19/09/2022 01:26:07 [INFO] CustomLogger : A booking saved or updated to the database.
19/09/2022 01:26:07 [INFO] CustomLogger : A booking saved or updated to the database.
19/09/2022 01:26:07 [INFO] CustomLogger : A booking removed from the database.
19/09/2022 01:26:12 [INFO] CustomLogger : A booking saved or updated to the database.
19/09/2022 01:26:12 [INFO] CustomLogger : A booking removed from the database.
19/09/2022 01:26:12 [INFO] CustomLogger : A booking saved or updated to the database.
19/09/2022 01:26:12 [INFO] CustomLogger : A booking saved or updated to the database.
19/09/2022 01:26:12 [INFO] CustomLogger : A booking saved or updated to the database.
19/09/2022 01:26:12 [INFO] CustomLogger : A booking saved or updated to the database.
19/09/2022 01:26:12 [INFO] CustomLogger : A booking removed from the database.
19/09/2022 01:26:40 [INFO] CustomLogger : A booking saved or updated to the database.
19/09/2022 01:26:40 [INFO] CustomLogger : A booking removed from the database.
19/09/2022 01:26:40 [INFO] CustomLogger : A booking saved or updated to the database.
19/09/2022 01:26:40 [INFO] CustomLogger : A booking saved or updated to the database.
19/09/2022 01:26:40 [INFO] CustomLogger : A booking saved or updated to the database.
19/09/2022 01:26:40 [INFO] CustomLogger : A booking saved or updated to the database.
19/09/2022 01:26:40 [INFO] CustomLogger : A booking removed from the database.
19/09/2022 01:27:05 [INFO] CustomLogger : A booking saved or updated to the database.
19/09/2022 01:27:05 [INFO] CustomLogger : A booking removed from the database.
19/09/2022 01:27:05 [INFO] CustomLogger : A booking saved or updated to the database.
19/09/2022 01:27:05 [INFO] CustomLogger : A booking saved or updated to the database.
19/09/2022 01:27:05 [INFO] CustomLogger : A booking saved or updated to the database.
19/09/2022 01:27:05 [INFO] CustomLogger : A booking saved or updated to the database.
19/09/2022 01:27:05 [INFO] CustomLogger : A booking removed from the database.
19/09/2022 01:27:20 [INFO] CustomLogger : A booking saved or updated to the database.
19/09/2022 01:27:20 [INFO] CustomLogger : A booking removed from the database.
19/09/2022 01:27:20 [INFO] CustomLogger : A booking saved or updated to the database.
19/09/2022 01:27:20 [INFO] CustomLogger : A booking saved or updated to the database.
19/09/2022 01:27:20 [INFO] CustomLogger : A booking saved or updated to the database.
19/09/2022 01:27:20 [INFO] CustomLogger : A booking saved or updated to the database.
19/09/2022 01:27:20 [INFO] CustomLogger : A booking removed from the database.
19/09/2022 01:27:32 [INFO] CustomLogger : A booking saved or updated to the database.
19/09/2022 01:27:32 [INFO] CustomLogger : A booking removed from the database.
19/09/2022 01:27:32 [INFO] CustomLogger : A booking saved or updated to the database.
19/09/2022 01:27:32 [INFO] CustomLogger : A booking saved or updated to the database.
19/09/2022 01:27:32 [INFO] CustomLogger : A booking saved or updated to the database.
19/09/2022 01:27:32 [INFO] CustomLogger : A booking saved or updated to the database.
19/09/2022 01:27:32 [INFO] CustomLogger : A booking removed from the database.
19/09/2022 01:28:10 [INFO] CustomLogger : A booking saved or updated to the database.
19/09/2022 01:28:10 [INFO] CustomLogger : A booking removed from the database.
19/09/2022 01:28:10 [INFO] CustomLogger : A booking saved or updated to the database.
19/09/2022 01:28:10 [INFO] CustomLogger : A booking saved or updated to the database.
19/09/2022 01:28:10 [INFO] CustomLogger : A booking saved or updated to the database.
19/09/2022 01:28:10 [INFO] CustomLogger : A booking saved or updated to the database.
19/09/2022 01:28:10 [INFO] CustomLogger : A booking removed from the database.
19/09/2022 01:28:14 [INFO] CustomLogger : A booking saved or updated to the database.
19/09/2022 01:28:15 [INFO] CustomLogger : A booking removed from the database.
19/09/2022 01:28:15 [INFO] CustomLogger : A booking saved or updated to the database.
19/09/2022 01:28:15 [INFO] CustomLogger : A booking saved or updated to the database.
19/09/2022 01:28:15 [INFO] CustomLogger : A booking saved or updated to the database.
19/09/2022 01:28:15 [INFO] CustomLogger : A booking saved or updated to the database.
19/09/2022 01:28:15 [INFO] CustomLogger : A booking removed from the database.
19/09/2022 01:28:21 [INFO] CustomLogger : A booking saved or updated to the database.
19/09/2022 01:28:21 [INFO] CustomLogger : A booking removed from the database.
19/09/2022 01:28:21 [INFO] CustomLogger : A booking saved or updated to the database.
19/09/2022 01:28:21 [INFO] CustomLogger : A booking saved or updated to the database.
19/09/2022 01:28:21 [INFO] CustomLogger : A booking saved or updated to the database.
19/09/2022 01:28:21 [INFO] CustomLogger : A booking saved or updated to the database.
19/09/2022 01:28:21 [INFO] CustomLogger : A booking removed from the database.
19/09/2022 01:28:26 [INFO] CustomLogger : A booking saved or updated to the database.
19/09/2022 01:28:26 [INFO] CustomLogger : A booking removed from the database.
19/09/2022 01:28:26 [INFO] CustomLogger : A booking saved or updated to the database.
19/09/2022 01:28:26 [INFO] CustomLogger : A booking saved or updated to the database.
19/09/2022 01:28:26 [INFO] CustomLogger : A booking saved or updated to the database.
19/09/2022 01:28:26 [INFO] CustomLogger : A booking saved or updated to the database.
19/09/2022 01:28:26 [INFO] CustomLogger : A booking removed from the database.
19/09/2022 01:28:33 [INFO] CustomLogger : A list of flights saved to the database.
19/09/2022 01:28:33 [INFO] CustomLogger : A flight saved or updated to the database.
19/09/2022 01:28:33 [INFO] CustomLogger : A flight removed from the database.
19/09/2022 01:28:33 [INFO] CustomLogger : A flight saved or updated to the database.
19/09/2022 01:28:33 [INFO] CustomLogger : A flight saved or updated to the database.
19/09/2022 01:28:33 [INFO] CustomLogger : A list of flights saved to the database.
19/09/2022 01:35:53 [INFO] CustomLogger : A booking saved or updated to the database.
19/09/2022 01:35:53 [INFO] CustomLogger : A booking removed from the database.
19/09/2022 01:35:53 [INFO] CustomLogger : A booking saved or updated to the database.
19/09/2022 01:35:53 [INFO] CustomLogger : A booking saved or updated to the database.
19/09/2022 01:35:53 [INFO] CustomLogger : A booking saved or updated to the database.
19/09/2022 01:35:53 [INFO] CustomLogger : A booking saved or updated to the database.
19/09/2022 01:35:53 [INFO] CustomLogger : A booking removed from the database.
19/09/2022 01:41:52 [INFO] CustomLogger : A list of flights saved to the database.
19/09/2022 01:41:52 [INFO] CustomLogger : A flight saved or updated to the database.
19/09/2022 01:41:52 [INFO] CustomLogger : A flight removed from the database.
19/09/2022 01:41:52 [INFO] CustomLogger : A flight saved or updated to the database.
19/09/2022 01:41:52 [INFO] CustomLogger : A flight saved or updated to the database.
19/09/2022 01:41:52 [INFO] CustomLogger : A list of flights saved to the database.
19/09/2022 01:42:33 [INFO] CustomLogger : A list of flights saved to the database.
19/09/2022 01:42:33 [INFO] CustomLogger : A flight saved or updated to the database.
19/09/2022 01:42:33 [INFO] CustomLogger : A flight removed from the database.
19/09/2022 01:42:33 [INFO] CustomLogger : A flight saved or updated to the database.
19/09/2022 01:42:33 [INFO] CustomLogger : A flight saved or updated to the database.
19/09/2022 01:42:33 [INFO] CustomLogger : A list of flights saved to the database.
19/09/2022 01:43:31 [INFO] CustomLogger : A list of flights saved to the database.
19/09/2022 01:43:31 [INFO] CustomLogger : A flight saved or updated to the database.
19/09/2022 01:43:31 [INFO] CustomLogger : A flight removed from the database.
19/09/2022 01:43:31 [INFO] CustomLogger : A flight saved or updated to the database.
19/09/2022 01:43:31 [INFO] CustomLogger : A flight saved or updated to the database.
19/09/2022 01:43:31 [INFO] CustomLogger : A list of flights saved to the database.
19/09/2022 01:43:54 [INFO] CustomLogger : A list of flights saved to the database.
19/09/2022 01:43:54 [INFO] CustomLogger : A flight saved or updated to the database.
19/09/2022 01:43:54 [INFO] CustomLogger : A flight removed from the database.
19/09/2022 01:43:54 [INFO] CustomLogger : A flight saved or updated to the database.
19/09/2022 01:43:54 [INFO] CustomLogger : A flight saved or updated to the database.
19/09/2022 01:43:54 [INFO] CustomLogger : A list of flights saved to the database.
19/09/2022 01:44:24 [INFO] CustomLogger : A list of flights saved to the database.
19/09/2022 01:44:24 [INFO] CustomLogger : A flight saved or updated to the database.
19/09/2022 01:44:24 [INFO] CustomLogger : A flight removed from the database.
19/09/2022 01:44:24 [INFO] CustomLogger : A flight saved or updated to the database.
19/09/2022 01:44:24 [INFO] CustomLogger : A flight saved or updated to the database.
19/09/2022 01:44:24 [INFO] CustomLogger : A list of flights saved to the database.
19/09/2022 01:44:54 [INFO] CustomLogger : A list of flights saved to the database.
19/09/2022 01:44:54 [INFO] CustomLogger : A flight saved or updated to the database.
19/09/2022 01:44:54 [INFO] CustomLogger : A flight removed from the database.
19/09/2022 01:44:54 [INFO] CustomLogger : A flight saved or updated to the database.
19/09/2022 01:44:54 [INFO] CustomLogger : A flight saved or updated to the database.
19/09/2022 01:44:54 [INFO] CustomLogger : A list of flights saved to the database.
19/09/2022 01:45:10 [INFO] CustomLogger : A list of flights saved to the database.
19/09/2022 01:45:10 [INFO] CustomLogger : A flight saved or updated to the database.
19/09/2022 01:45:10 [INFO] CustomLogger : A flight removed from the database.
19/09/2022 01:45:10 [INFO] CustomLogger : A flight saved or updated to the database.
19/09/2022 01:45:10 [INFO] CustomLogger : A flight saved or updated to the database.
19/09/2022 01:45:10 [INFO] CustomLogger : A list of flights saved to the database.
19/09/2022 01:45:53 [INFO] CustomLogger : A list of flights saved to the database.
19/09/2022 01:45:53 [INFO] CustomLogger : A flight saved or updated to the database.
19/09/2022 01:45:53 [INFO] CustomLogger : A flight removed from the database.
19/09/2022 01:45:53 [INFO] CustomLogger : A flight saved or updated to the database.
19/09/2022 01:45:53 [INFO] CustomLogger : A flight saved or updated to the database.
19/09/2022 01:45:53 [INFO] CustomLogger : A list of flights saved to the database.
19/09/2022 01:53:05 [INFO] CustomLogger : A list of flights saved to the database.
19/09/2022 01:53:05 [INFO] CustomLogger : A flight saved or updated to the database.
19/09/2022 01:53:05 [INFO] CustomLogger : A flight removed from the database.
19/09/2022 01:53:05 [INFO] CustomLogger : A flight saved or updated to the database.
19/09/2022 01:53:05 [INFO] CustomLogger : A flight saved or updated to the database.
19/09/2022 01:53:05 [INFO] CustomLogger : A list of flights saved to the database.
19/09/2022 01:53:24 [INFO] CustomLogger : A list of flights saved to the database.
19/09/2022 01:53:24 [INFO] CustomLogger : A flight saved or updated to the database.
19/09/2022 01:53:24 [INFO] CustomLogger : A flight removed from the database.
19/09/2022 01:53:24 [INFO] CustomLogger : A flight saved or updated to the database.
19/09/2022 01:53:24 [INFO] CustomLogger : A flight saved or updated to the database.
19/09/2022 01:53:24 [INFO] CustomLogger : A list of flights saved to the database.
19/09/2022 01:53:43 [INFO] CustomLogger : A list of flights saved to the database.
19/09/2022 01:53:43 [INFO] CustomLogger : A flight saved or updated to the database.
19/09/2022 01:53:43 [INFO] CustomLogger : A flight removed from the database.
19/09/2022 01:53:43 [INFO] CustomLogger : A flight saved or updated to the database.
19/09/2022 01:53:43 [INFO] CustomLogger : A flight saved or updated to the database.
19/09/2022 01:53:43 [INFO] CustomLogger : A list of flights saved to the database.
19/09/2022 02:02:24 [INFO] CustomLogger : A user saved or updated to the database.
19/09/2022 02:02:24 [INFO] CustomLogger : A user saved or updated to the database.
19/09/2022 02:02:24 [INFO] CustomLogger : A user saved or updated to the database.
19/09/2022 02:03:08 [INFO] CustomLogger : A user saved or updated to the database.
19/09/2022 02:03:09 [INFO] CustomLogger : A user saved or updated to the database.
19/09/2022 02:03:09 [INFO] CustomLogger : A user saved or updated to the database.
19/09/2022 02:03:30 [INFO] CustomLogger : A user saved or updated to the database.
19/09/2022 02:03:30 [INFO] CustomLogger : A user saved or updated to the database.
19/09/2022 02:03:30 [INFO] CustomLogger : A user saved or updated to the database.
19/09/2022 02:05:36 [INFO] CustomLogger : A user saved or updated to the database.
19/09/2022 02:05:36 [INFO] CustomLogger : A user saved or updated to the database.
19/09/2022 02:05:36 [INFO] CustomLogger : A user saved or updated to the database.
19/09/2022 02:05:48 [INFO] CustomLogger : A list of flights saved to the database.
19/09/2022 02:05:48 [INFO] CustomLogger : A flight saved or updated to the database.
19/09/2022 02:05:48 [INFO] CustomLogger : A flight removed from the database.
19/09/2022 02:05:48 [INFO] CustomLogger : A flight saved or updated to the database.
19/09/2022 02:05:48 [INFO] CustomLogger : A flight saved or updated to the database.
19/09/2022 02:05:48 [INFO] CustomLogger : A list of flights saved to the database.
19/09/2022 02:05:56 [INFO] CustomLogger : A booking saved or updated to the database.
19/09/2022 02:05:56 [INFO] CustomLogger : A booking removed from the database.
19/09/2022 02:05:56 [INFO] CustomLogger : A booking saved or updated to the database.
19/09/2022 02:05:56 [INFO] CustomLogger : A booking saved or updated to the database.
19/09/2022 02:05:56 [INFO] CustomLogger : A booking saved or updated to the database.
19/09/2022 02:05:56 [INFO] CustomLogger : A booking saved or updated to the database.
19/09/2022 02:05:56 [INFO] CustomLogger : A booking removed from the database.
19/09/2022 02:06:04 [INFO] CustomLogger : A booking saved or updated to the database.
19/09/2022 02:06:04 [INFO] CustomLogger : A booking removed from the database.
19/09/2022 02:06:04 [INFO] CustomLogger : A booking saved or updated to the database.
19/09/2022 02:06:04 [INFO] CustomLogger : A booking saved or updated to the database.
19/09/2022 02:06:04 [INFO] CustomLogger : A booking saved or updated to the database.
19/09/2022 02:06:04 [INFO] CustomLogger : A booking saved or updated to the database.
19/09/2022 02:06:04 [INFO] CustomLogger : A booking removed from the database.
19/09/2022 02:06:49 [INFO] CustomLogger : A booking saved or updated to the database.
19/09/2022 02:06:49 [INFO] CustomLogger : A booking removed from the database.
19/09/2022 02:06:49 [INFO] CustomLogger : A booking saved or updated to the database.
19/09/2022 02:06:49 [INFO] CustomLogger : A booking saved or updated to the database.
19/09/2022 02:06:49 [INFO] CustomLogger : A booking saved or updated to the database.
19/09/2022 02:06:49 [INFO] CustomLogger : A booking saved or updated to the database.
19/09/2022 02:06:49 [INFO] CustomLogger : A booking removed from the database.
19/09/2022 02:06:57 [INFO] CustomLogger : A booking saved or updated to the database.
19/09/2022 02:06:57 [INFO] CustomLogger : A booking removed from the database.
19/09/2022 02:06:57 [INFO] CustomLogger : A booking saved or updated to the database.
19/09/2022 02:06:57 [INFO] CustomLogger : A booking saved or updated to the database.
19/09/2022 02:06:57 [INFO] CustomLogger : A booking saved or updated to the database.
19/09/2022 02:06:58 [INFO] CustomLogger : A booking saved or updated to the database.
19/09/2022 02:06:58 [INFO] CustomLogger : A booking removed from the database.
19/09/2022 02:07:25 [INFO] CustomLogger : A booking saved or updated to the database.
19/09/2022 02:07:25 [INFO] CustomLogger : A booking removed from the database.
19/09/2022 02:07:25 [INFO] CustomLogger : A booking saved or updated to the database.
19/09/2022 02:07:25 [INFO] CustomLogger : A booking saved or updated to the database.
19/09/2022 02:07:25 [INFO] CustomLogger : A booking saved or updated to the database.
19/09/2022 02:07:25 [INFO] CustomLogger : A booking saved or updated to the database.
19/09/2022 02:07:25 [INFO] CustomLogger : A booking removed from the database.
19/09/2022 02:07:46 [INFO] CustomLogger : A booking saved or updated to the database.
19/09/2022 02:07:46 [INFO] CustomLogger : A booking saved or updated to the database.
19/09/2022 02:07:46 [INFO] CustomLogger : A booking saved or updated to the database.
19/09/2022 02:07:46 [INFO] CustomLogger : A booking saved or updated to the database.
19/09/2022 02:07:46 [INFO] CustomLogger : A booking saved or updated to the database.
19/09/2022 02:07:46 [INFO] CustomLogger : A booking removed from the database.
19/09/2022 02:08:30 [INFO] CustomLogger : A booking saved or updated to the database.
19/09/2022 02:08:30 [INFO] CustomLogger : A booking saved or updated to the database.
19/09/2022 02:08:30 [INFO] CustomLogger : A booking saved or updated to the database.
19/09/2022 02:08:30 [INFO] CustomLogger : A booking saved or updated to the database.
19/09/2022 02:08:30 [INFO] CustomLogger : A booking saved or updated to the database.
19/09/2022 02:08:30 [INFO] CustomLogger : A booking removed from the database.
19/09/2022 02:09:28 [INFO] CustomLogger : A booking saved or updated to the database.
19/09/2022 02:09:28 [INFO] CustomLogger : A booking removed from the database.
19/09/2022 02:09:28 [INFO] CustomLogger : A booking saved or updated to the database.
19/09/2022 02:09:28 [INFO] CustomLogger : A booking saved or updated to the database.
19/09/2022 02:09:28 [INFO] CustomLogger : A booking saved or updated to the database.
19/09/2022 02:09:28 [INFO] CustomLogger : A booking saved or updated to the database.
19/09/2022 02:09:28 [INFO] CustomLogger : A booking removed from the database.
19/09/2022 02:09:47 [INFO] CustomLogger : A booking saved or updated to the database.
19/09/2022 02:09:47 [INFO] CustomLogger : A booking saved or updated to the database.
19/09/2022 02:09:47 [INFO] CustomLogger : A booking saved or updated to the database.
19/09/2022 02:09:47 [INFO] CustomLogger : A booking saved or updated to the database.
19/09/2022 02:10:30 [INFO] CustomLogger : A booking saved or updated to the database.
19/09/2022 02:10:30 [INFO] CustomLogger : A booking removed from the database.
19/09/2022 02:10:30 [INFO] CustomLogger : A booking saved or updated to the database.
19/09/2022 02:10:30 [INFO] CustomLogger : A booking saved or updated to the database.
19/09/2022 02:10:30 [INFO] CustomLogger : A booking saved or updated to the database.
19/09/2022 02:10:30 [INFO] CustomLogger : A booking saved or updated to the database.
19/09/2022 02:10:30 [INFO] CustomLogger : A booking removed from the database.
19/09/2022 02:10:36 [INFO] CustomLogger : A booking saved or updated to the database.
19/09/2022 02:11:25 [INFO] CustomLogger : A booking saved or updated to the database.
19/09/2022 02:11:47 [INFO] CustomLogger : A booking saved or updated to the database.
19/09/2022 02:12:01 [INFO] CustomLogger : A booking saved or updated to the database.
19/09/2022 02:12:19 [INFO] CustomLogger : A booking saved or updated to the database.
19/09/2022 02:12:25 [INFO] CustomLogger : A booking saved or updated to the database.
19/09/2022 02:12:25 [INFO] CustomLogger : A booking saved or updated to the database.
19/09/2022 02:12:31 [INFO] CustomLogger : A booking saved or updated to the database.
19/09/2022 02:12:31 [INFO] CustomLogger : A booking removed from the database.
19/09/2022 02:12:38 [INFO] CustomLogger : A booking saved or updated to the database.
19/09/2022 02:12:39 [INFO] CustomLogger : A booking removed from the database.
19/09/2022 02:13:01 [INFO] CustomLogger : A list of flights saved to the database.
19/09/2022 02:13:01 [INFO] CustomLogger : A flight saved or updated to the database.
19/09/2022 02:13:01 [INFO] CustomLogger : A flight removed from the database.
19/09/2022 02:13:01 [INFO] CustomLogger : A flight saved or updated to the database.
19/09/2022 02:13:01 [INFO] CustomLogger : A flight saved or updated to the database.
19/09/2022 02:13:01 [INFO] CustomLogger : A list of flights saved to the database.
19/09/2022 02:13:06 [INFO] CustomLogger : A flight saved or updated to the database.
19/09/2022 02:13:15 [INFO] CustomLogger : A flight saved or updated to the database.
19/09/2022 02:13:37 [INFO] CustomLogger : A flight saved or updated to the database.
19/09/2022 02:13:53 [INFO] CustomLogger : A flight saved or updated to the database.
19/09/2022 02:13:59 [INFO] CustomLogger : A flight saved or updated to the database.
19/09/2022 02:14:07 [INFO] CustomLogger : A list of flights saved to the database.
19/09/2022 02:14:13 [INFO] CustomLogger : A list of flights saved to the database.
19/09/2022 02:14:19 [INFO] CustomLogger : A flight saved or updated to the database.
19/09/2022 02:14:20 [INFO] CustomLogger : A flight removed from the database.
19/09/2022 02:14:34 [INFO] CustomLogger : A user saved or updated to the database.
19/09/2022 02:14:34 [INFO] CustomLogger : A user saved or updated to the database.
19/09/2022 02:14:34 [INFO] CustomLogger : A user saved or updated to the database.
19/09/2022 02:14:40 [INFO] CustomLogger : A user saved or updated to the database.
19/09/2022 02:14:46 [INFO] CustomLogger : A user saved or updated to the database.
19/09/2022 02:14:50 [INFO] CustomLogger : A user saved or updated to the database.
19/09/2022 02:15:13 [INFO] CustomLogger : A list of flights saved to the database.
19/09/2022 02:15:13 [INFO] CustomLogger : A flight saved or updated to the database.
19/09/2022 02:15:13 [INFO] CustomLogger : A flight removed from the database.
19/09/2022 02:15:13 [INFO] CustomLogger : A flight saved or updated to the database.
19/09/2022 02:15:13 [INFO] CustomLogger : A flight saved or updated to the database.
19/09/2022 02:15:13 [INFO] CustomLogger : A list of flights saved to the database.
19/09/2022 02:15:22 [INFO] CustomLogger : A booking saved or updated to the database.
19/09/2022 02:15:22 [INFO] CustomLogger : A booking removed from the database.
19/09/2022 02:15:22 [INFO] CustomLogger : A booking saved or updated to the database.
19/09/2022 02:15:22 [INFO] CustomLogger : A booking saved or updated to the database.
19/09/2022 02:15:22 [INFO] CustomLogger : A booking saved or updated to the database.
19/09/2022 02:15:22 [INFO] CustomLogger : A booking saved or updated to the database.
19/09/2022 02:15:22 [INFO] CustomLogger : A booking removed from the database.
19/09/2022 20:47:19 [ERROR] CustomLogger : File not found
19/09/2022 20:47:19 [INFO] CustomLogger : A list of flights saved to the database.
19/09/2022 20:47:19 [INFO] CustomLogger : A flight removed from the database.
19/09/2022 20:47:19 [INFO] CustomLogger : A flight removed from the database.
19/09/2022 20:47:19 [INFO] CustomLogger : A flight removed from the database.
19/09/2022 20:47:19 [INFO] CustomLogger : A flight removed from the database.
19/09/2022 20:47:19 [INFO] CustomLogger : A flight removed from the database.
19/09/2022 20:47:19 [INFO] CustomLogger : A flight removed from the database.
19/09/2022 20:47:48 [ERROR] CustomLogger : File not found
19/09/2022 20:47:48 [ERROR] CustomLogger : File not found
19/09/2022 20:47:48 [INFO] CustomLogger : A user saved or updated to the database.
19/09/2022 20:48:42 [INFO] CustomLogger : A user saved or updated to the database.
19/09/2022 20:48:57 [ERROR] CustomLogger : File not found
19/09/2022 20:48:57 [INFO] CustomLogger : A list of flights saved to the database.
19/09/2022 20:48:57 [INFO] CustomLogger : A flight removed from the database.
19/09/2022 20:48:57 [INFO] CustomLogger : A flight removed from the database.
19/09/2022 20:48:57 [INFO] CustomLogger : A flight removed from the database.
19/09/2022 20:48:57 [INFO] CustomLogger : A flight removed from the database.
19/09/2022 20:48:57 [INFO] CustomLogger : A flight removed from the database.
19/09/2022 20:59:56 [INFO] CustomLogger : A booking saved or updated to the database.
19/09/2022 20:59:56 [INFO] CustomLogger : A booking removed from the database.
19/09/2022 20:59:56 [INFO] CustomLogger : A booking saved or updated to the database.
19/09/2022 20:59:56 [INFO] CustomLogger : A booking saved or updated to the database.
19/09/2022 20:59:56 [INFO] CustomLogger : A booking saved or updated to the database.
19/09/2022 20:59:56 [INFO] CustomLogger : A booking saved or updated to the database.
19/09/2022 20:59:56 [INFO] CustomLogger : A booking removed from the database.
19/09/2022 21:00:04 [INFO] CustomLogger : A list of flights saved to the database.
19/09/2022 21:00:04 [INFO] CustomLogger : A flight saved or updated to the database.
19/09/2022 21:00:04 [INFO] CustomLogger : A flight removed from the database.
19/09/2022 21:00:04 [INFO] CustomLogger : A flight saved or updated to the database.
19/09/2022 21:00:04 [INFO] CustomLogger : A flight saved or updated to the database.
19/09/2022 21:00:04 [INFO] CustomLogger : A list of flights saved to the database.
19/09/2022 21:00:10 [INFO] CustomLogger : A user saved or updated to the database.
19/09/2022 21:00:10 [INFO] CustomLogger : A user saved or updated to the database.
19/09/2022 21:00:10 [INFO] CustomLogger : A user saved or updated to the database.
19/09/2022 21:00:13 [INFO] CustomLogger : A user saved or updated to the database.
19/09/2022 21:00:13 [INFO] CustomLogger : A user saved or updated to the database.
19/09/2022 21:00:13 [INFO] CustomLogger : A user saved or updated to the database.
19/09/2022 21:00:20 [INFO] CustomLogger : A list of flights saved to the database.
19/09/2022 21:00:20 [INFO] CustomLogger : A flight saved or updated to the database.
19/09/2022 21:00:20 [INFO] CustomLogger : A flight removed from the database.
19/09/2022 21:00:20 [INFO] CustomLogger : A flight saved or updated to the database.
19/09/2022 21:00:20 [INFO] CustomLogger : A flight saved or updated to the database.
19/09/2022 21:00:20 [INFO] CustomLogger : A list of flights saved to the database.
19/09/2022 21:00:26 [INFO] CustomLogger : A booking saved or updated to the database.
19/09/2022 21:00:26 [INFO] CustomLogger : A booking removed from the database.
19/09/2022 21:00:26 [INFO] CustomLogger : A booking saved or updated to the database.
19/09/2022 21:00:26 [INFO] CustomLogger : A booking saved or updated to the database.
19/09/2022 21:00:26 [INFO] CustomLogger : A booking saved or updated to the database.
19/09/2022 21:00:26 [INFO] CustomLogger : A booking saved or updated to the database.
19/09/2022 21:00:26 [INFO] CustomLogger : A booking removed from the database.
